<<<<<<< Updated upstream
<<<<<<< HEAD
{"level":"info","message":"{\"method\":\"GET\",\"url\":\"/api/v1/auth/fetch-user\",\"status\":\"401\",\"responseTime\":\"49.562\"}","timestamp":"2025-04-18T12:16:41.015Z"}
{"level":"info","message":"{\"method\":\"GET\",\"url\":\"/api/v1/auth/fetch-user\",\"status\":\"401\",\"responseTime\":\"9.069\"}","timestamp":"2025-04-18T12:16:55.709Z"}
{"level":"info","message":"{\"method\":\"GET\",\"url\":\"/api/v1/auth/fetch-user\",\"status\":\"401\",\"responseTime\":\"84.523\"}","timestamp":"2025-04-18T12:20:05.571Z"}
{"level":"info","message":"{\"method\":\"GET\",\"url\":\"/api/v1/auth/fetch-user\",\"status\":\"401\",\"responseTime\":\"4.451\"}","timestamp":"2025-04-18T12:20:15.125Z"}
{"level":"info","message":"{\"method\":\"GET\",\"url\":\"/api/v1/auth/fetch-user\",\"status\":\"401\",\"responseTime\":\"25.250\"}","timestamp":"2025-04-18T12:29:25.603Z"}
=======
{"level":"info","message":"{\"method\":\"GET\",\"url\":\"/api/v1/auth/fetch-user\",\"status\":\"401\",\"responseTime\":\"13.187\"}","timestamp":"2025-04-18T12:10:47.800Z"}
{"level":"info","message":"{\"method\":\"POST\",\"url\":\"/api/v1/auth/refresh-token\",\"status\":\"401\",\"responseTime\":\"3510.346\"}","timestamp":"2025-04-18T12:10:51.358Z"}
{"level":"info","message":"{\"method\":\"OPTIONS\",\"url\":\"/api/v1/auth/login\",\"status\":\"204\",\"responseTime\":\"0.563\"}","timestamp":"2025-04-18T12:11:36.168Z"}
{"level":"info","message":"{\"method\":\"POST\",\"url\":\"/api/v1/auth/login\",\"status\":\"200\",\"responseTime\":\"236.307\"}","timestamp":"2025-04-18T12:11:36.407Z"}
{"level":"info","message":"{\"method\":\"GET\",\"url\":\"/api/v1/auth/fetch-user\",\"status\":\"304\",\"responseTime\":\"2.037\"}","timestamp":"2025-04-18T12:11:37.321Z"}
{"level":"info","message":"{\"method\":\"GET\",\"url\":\"/api/v1/user/visaapplication/application\",\"status\":\"304\",\"responseTime\":\"65.656\"}","timestamp":"2025-04-18T12:11:37.373Z"}
{"level":"info","message":"{\"method\":\"GET\",\"url\":\"/api/v1/admin/leads/fetchAllLeads\",\"status\":\"200\",\"responseTime\":\"295.938\"}","timestamp":"2025-04-18T12:11:40.757Z"}
{"level":"info","message":"{\"method\":\"GET\",\"url\":\"/api/v1/admin/leads/68023cbb18ebe0bd1f98231d/fetchParticularLead\",\"status\":\"200\",\"responseTime\":\"120.341\"}","timestamp":"2025-04-18T12:11:42.625Z"}
{"level":"info","message":"{\"method\":\"GET\",\"url\":\"/api/v1/admin/leads/68023aeb18ebe0bd1f9822f7/fetchParticularLead\",\"status\":\"200\",\"responseTime\":\"102.029\"}","timestamp":"2025-04-18T12:11:50.323Z"}
{"level":"info","message":"{\"method\":\"GET\",\"url\":\"/api/v1/admin/leads/680206d77defc12944846422/fetchParticularLead\",\"status\":\"304\",\"responseTime\":\"101.486\"}","timestamp":"2025-04-18T12:11:54.584Z"}
{"level":"info","message":"{\"method\":\"GET\",\"url\":\"/api/v1/admin/leads/6801fc717defc129448463ef/fetchParticularLead\",\"status\":\"304\",\"responseTime\":\"101.661\"}","timestamp":"2025-04-18T12:11:58.785Z"}
{"level":"info","message":"{\"method\":\"GET\",\"url\":\"/api/v1/admin/leads/67fd1729716d6c73d85d00d3/fetchParticularLead\",\"status\":\"304\",\"responseTime\":\"96.377\"}","timestamp":"2025-04-18T12:12:17.995Z"}
{"level":"info","message":"{\"method\":\"GET\",\"url\":\"/api/v1/admin/leads/68015385620f6c076b114991/fetchParticularLead\",\"status\":\"304\",\"responseTime\":\"104.128\"}","timestamp":"2025-04-18T12:12:27.704Z"}
{"level":"info","message":"{\"method\":\"GET\",\"url\":\"/api/v1/auth/fetch-user\",\"status\":\"304\",\"responseTime\":\"0.940\"}","timestamp":"2025-04-18T12:13:14.341Z"}
{"level":"info","message":"{\"method\":\"GET\",\"url\":\"/api/v1/user/visaapplication/application\",\"status\":\"304\",\"responseTime\":\"36.636\"}","timestamp":"2025-04-18T12:13:14.374Z"}
>>>>>>> abffcede2d44c1cd67bb3faa7e3ea55af7c8d7bb
=======
{"level":"info","message":"{\"method\":\"POST\",\"url\":\"/api/v1/auth/login\",\"status\":\"200\",\"responseTime\":\"1260.369\"}","timestamp":"2025-04-18T06:31:58.624Z"}
{"level":"info","message":"{\"method\":\"POST\",\"url\":\"/api/v1/admin/payment/68016c114f3b8b3eb0c4d4a8/sendPaymentLink\",\"status\":\"200\",\"responseTime\":\"4672.635\"}","timestamp":"2025-04-18T06:32:44.623Z"}
{"level":"info","message":"{\"method\":\"POST\",\"url\":\"/api/v1/admin/consultations/6801f2c1fd62fafc5ab7dcf9/sendConsultationLink\",\"status\":\"200\",\"responseTime\":\"2320.507\"}","timestamp":"2025-04-18T06:38:25.470Z"}
>>>>>>> Stashed changes
{"level":"info","message":"{\"method\":\"GET\",\"url\":\"/api/v1/auth/fetch-user\",\"status\":\"304\",\"responseTime\":\"4.656\"}","timestamp":"2025-04-18T12:40:34.177Z"}
{"level":"info","message":"{\"method\":\"GET\",\"url\":\"/api/v1/user/visaapplication/application\",\"status\":\"304\",\"responseTime\":\"59.451\"}","timestamp":"2025-04-18T12:40:34.207Z"}
{"level":"info","message":"{\"method\":\"GET\",\"url\":\"/api/v1/auth/fetch-user\",\"status\":\"304\",\"responseTime\":\"1.498\"}","timestamp":"2025-04-18T12:44:02.007Z"}
{"level":"info","message":"{\"method\":\"GET\",\"url\":\"/api/v1/admin/leads/fetchAllLeads\",\"status\":\"200\",\"responseTime\":\"39.584\"}","timestamp":"2025-04-18T12:44:13.624Z"}
{"level":"info","message":"{\"method\":\"GET\",\"url\":\"/api/v1/admin/consultations/fetchAllConsultations\",\"status\":\"200\",\"responseTime\":\"32.677\"}","timestamp":"2025-04-18T12:44:24.521Z"}
{"level":"info","message":"{\"method\":\"GET\",\"url\":\"/api/v1/auth/fetch-user\",\"status\":\"304\",\"responseTime\":\"3.923\"}","timestamp":"2025-04-18T12:46:10.140Z"}
{"level":"info","message":"{\"method\":\"GET\",\"url\":\"/api/v1/admin/consultations/fetchAllConsultations\",\"status\":\"304\",\"responseTime\":\"412.805\"}","timestamp":"2025-04-18T12:46:10.520Z"}
{"level":"info","message":"{\"method\":\"GET\",\"url\":\"/api/v1/auth/fetch-user\",\"status\":\"304\",\"responseTime\":\"2.890\"}","timestamp":"2025-04-18T12:48:50.081Z"}
{"level":"info","message":"{\"method\":\"GET\",\"url\":\"/api/v1/admin/consultations/fetchAllConsultations\",\"status\":\"200\",\"responseTime\":\"501.157\"}","timestamp":"2025-04-18T12:48:50.518Z"}
{"level":"info","message":"{\"method\":\"GET\",\"url\":\"/api/v1/auth/fetch-user\",\"status\":\"304\",\"responseTime\":\"5.804\"}","timestamp":"2025-04-18T12:51:19.593Z"}
{"level":"info","message":"{\"method\":\"GET\",\"url\":\"/api/v1/auth/fetch-user\",\"status\":\"304\",\"responseTime\":\"1.261\"}","timestamp":"2025-04-18T12:51:21.475Z"}
{"level":"info","message":"{\"method\":\"GET\",\"url\":\"/api/v1/user/visaapplication/application\",\"status\":\"304\",\"responseTime\":\"42.860\"}","timestamp":"2025-04-18T12:51:21.504Z"}
{"level":"info","message":"{\"method\":\"GET\",\"url\":\"/api/v1/admin/leads/fetchAllLeads\",\"status\":\"304\",\"responseTime\":\"43.215\"}","timestamp":"2025-04-18T12:51:53.605Z"}
{"level":"info","message":"{\"method\":\"GET\",\"url\":\"/api/v1/admin/leads/fetchAllLeads\",\"status\":\"200\",\"responseTime\":\"55.589\"}","timestamp":"2025-04-18T12:53:50.087Z"}
{"level":"info","message":"{\"method\":\"GET\",\"url\":\"/api/v1/auth/fetch-user\",\"status\":\"304\",\"responseTime\":\"1.287\"}","timestamp":"2025-04-18T12:53:51.594Z"}
{"level":"info","message":"{\"method\":\"GET\",\"url\":\"/api/v1/admin/leads/fetchAllLeads\",\"status\":\"304\",\"responseTime\":\"52.954\"}","timestamp":"2025-04-18T12:53:51.644Z"}
{"level":"info","message":"{\"method\":\"GET\",\"url\":\"/api/v1/admin/consultations/fetchAllConsultations\",\"status\":\"304\",\"responseTime\":\"33.204\"}","timestamp":"2025-04-18T12:53:54.432Z"}
{"level":"info","message":"{\"method\":\"GET\",\"url\":\"/api/v1/auth/fetch-user\",\"status\":\"304\",\"responseTime\":\"1.341\"}","timestamp":"2025-04-18T12:53:55.922Z"}
{"level":"info","message":"{\"method\":\"GET\",\"url\":\"/api/v1/admin/consultations/fetchAllConsultations\",\"status\":\"304\",\"responseTime\":\"35.398\"}","timestamp":"2025-04-18T12:53:55.951Z"}
{"level":"info","message":"{\"method\":\"GET\",\"url\":\"/api/v1/admin/leads/fetchAllLeads\",\"status\":\"304\",\"responseTime\":\"61.169\"}","timestamp":"2025-04-18T12:54:03.709Z"}
{"level":"info","message":"{\"method\":\"GET\",\"url\":\"/api/v1/admin/leads/68024b5648694be8ab54e79e/fetchParticularLead\",\"status\":\"200\",\"responseTime\":\"98.243\"}","timestamp":"2025-04-18T12:54:09.422Z"}
{"level":"info","message":"{\"method\":\"POST\",\"url\":\"/api/v1/admin/consultations/68024b5648694be8ab54e79e/sendConsultationLink\",\"status\":\"200\",\"responseTime\":\"1814.399\"}","timestamp":"2025-04-18T12:54:16.295Z"}
{"level":"info","message":"{\"method\":\"GET\",\"url\":\"/api/v1/auth/fetch-user\",\"status\":\"304\",\"responseTime\":\"1.614\"}","timestamp":"2025-04-18T12:55:22.155Z"}
{"level":"info","message":"{\"method\":\"GET\",\"url\":\"/api/v1/admin/leads/68024b5648694be8ab54e79e/fetchParticularLead\",\"status\":\"200\",\"responseTime\":\"82.359\"}","timestamp":"2025-04-18T12:55:22.231Z"}
{"level":"info","message":"{\"method\":\"GET\",\"url\":\"/api/v1/auth/fetch-user\",\"status\":\"304\",\"responseTime\":\"1.729\"}","timestamp":"2025-04-18T12:55:25.786Z"}
{"level":"info","message":"{\"method\":\"GET\",\"url\":\"/api/v1/admin/leads/68024b5648694be8ab54e79e/fetchParticularLead\",\"status\":\"200\",\"responseTime\":\"86.485\"}","timestamp":"2025-04-18T12:55:25.867Z"}
{"level":"info","message":"{\"method\":\"GET\",\"url\":\"/api/v1/admin/consultations/fetchAllConsultations\",\"status\":\"200\",\"responseTime\":\"31.486\"}","timestamp":"2025-04-18T12:55:41.577Z"}
{"level":"info","message":"{\"method\":\"GET\",\"url\":\"/api/v1/auth/fetch-user\",\"status\":\"304\",\"responseTime\":\"2.136\"}","timestamp":"2025-04-18T12:55:45.257Z"}
{"level":"info","message":"{\"method\":\"GET\",\"url\":\"/api/v1/admin/consultations/fetchAllConsultations\",\"status\":\"304\",\"responseTime\":\"35.333\"}","timestamp":"2025-04-18T12:55:45.285Z"}
{"level":"info","message":"{\"method\":\"GET\",\"url\":\"/api/v1/admin/leads/fetchAllLeads\",\"status\":\"200\",\"responseTime\":\"56.875\"}","timestamp":"2025-04-18T12:57:50.537Z"}
{"level":"info","message":"{\"method\":\"GET\",\"url\":\"/api/v1/admin/leads/68024b5648694be8ab54e79e/fetchParticularLead\",\"status\":\"304\",\"responseTime\":\"118.620\"}","timestamp":"2025-04-18T12:57:57.180Z"}
{"level":"info","message":"{\"method\":\"GET\",\"url\":\"/api/v1/admin/leads/68024b5648694be8ab54e79e/fetchParticularLead\",\"status\":\"401\",\"responseTime\":\"8.251\"}","timestamp":"2025-04-18T12:58:51.658Z"}
{"level":"info","message":"{\"method\":\"POST\",\"url\":\"/api/v1/auth/login\",\"status\":\"200\",\"responseTime\":\"565.576\"}","timestamp":"2025-04-18T12:58:55.785Z"}
{"level":"info","message":"{\"method\":\"GET\",\"url\":\"/api/v1/admin/leads/68024b5648694be8ab54e79e/fetchParticularLead\",\"status\":\"200\",\"responseTime\":\"1828.103\"}","timestamp":"2025-04-18T12:59:07.475Z"}
{"level":"info","message":"{\"method\":\"GET\",\"url\":\"/api/v1/admin/consultations/fetchAllConsultations\",\"status\":\"304\",\"responseTime\":\"32.841\"}","timestamp":"2025-04-18T12:59:58.117Z"}
{"level":"info","message":"{\"method\":\"GET\",\"url\":\"/api/v1/admin/leads/fetchAllLeads\",\"status\":\"304\",\"responseTime\":\"68.323\"}","timestamp":"2025-04-18T13:01:55.556Z"}
{"level":"info","message":"{\"method\":\"GET\",\"url\":\"/api/v1/admin/leads/fetchAllLeads\",\"status\":\"200\",\"responseTime\":\"587.403\"}","timestamp":"2025-04-18T13:05:17.333Z"}
{"level":"info","message":"{\"method\":\"GET\",\"url\":\"/api/v1/admin/consultations/fetchAllConsultations\",\"status\":\"200\",\"responseTime\":\"137.250\"}","timestamp":"2025-04-18T13:05:19.724Z"}
{"level":"info","message":"{\"method\":\"OPTIONS\",\"url\":\"/api/v1/auth/login\",\"status\":\"204\",\"responseTime\":\"1.848\"}","timestamp":"2025-04-18T13:10:05.795Z"}
{"level":"info","message":"{\"method\":\"POST\",\"url\":\"/api/v1/auth/login\",\"status\":\"200\",\"responseTime\":\"206.500\"}","timestamp":"2025-04-18T13:10:06.006Z"}
{"level":"info","message":"{\"method\":\"GET\",\"url\":\"/api/v1/auth/fetch-user\",\"status\":\"304\",\"responseTime\":\"3.971\"}","timestamp":"2025-04-18T13:10:07.599Z"}
{"level":"info","message":"{\"method\":\"GET\",\"url\":\"/api/v1/admin/consultations/fetchAllConsultations\",\"status\":\"200\",\"responseTime\":\"31.291\"}","timestamp":"2025-04-18T13:10:12.045Z"}
{"level":"info","message":"{\"method\":\"GET\",\"url\":\"/api/v1/admin/consultations/fetchAllConsultations\",\"status\":\"200\",\"responseTime\":\"35.821\"}","timestamp":"2025-04-18T13:10:18.535Z"}
{"level":"info","message":"{\"method\":\"GET\",\"url\":\"/api/v1/auth/fetch-user\",\"status\":\"304\",\"responseTime\":\"2.582\"}","timestamp":"2025-04-18T13:10:21.394Z"}
{"level":"info","message":"{\"method\":\"GET\",\"url\":\"/api/v1/admin/consultations/fetchAllConsultations\",\"status\":\"304\",\"responseTime\":\"135.745\"}","timestamp":"2025-04-18T13:10:21.522Z"}
{"level":"info","message":"{\"method\":\"GET\",\"url\":\"/api/v1/admin/consultations/fetchAllConsultations\",\"status\":\"200\",\"responseTime\":\"47.918\"}","timestamp":"2025-04-18T13:13:30.150Z"}
{"level":"info","message":"{\"method\":\"GET\",\"url\":\"/api/v1/auth/fetch-user\",\"status\":\"304\",\"responseTime\":\"1.408\"}","timestamp":"2025-04-18T13:13:40.103Z"}
{"level":"info","message":"{\"method\":\"GET\",\"url\":\"/api/v1/admin/consultations/fetchAllConsultations\",\"status\":\"200\",\"responseTime\":\"34.389\"}","timestamp":"2025-04-18T13:13:40.133Z"}
{"level":"info","message":"{\"method\":\"GET\",\"url\":\"/api/v1/admin/leads/fetchAllLeads\",\"status\":\"304\",\"responseTime\":\"89.504\"}","timestamp":"2025-04-18T13:14:16.098Z"}
{"level":"info","message":"{\"method\":\"GET\",\"url\":\"/api/v1/admin/leads/68024b5648694be8ab54e79e/fetchParticularLead\",\"status\":\"304\",\"responseTime\":\"96.279\"}","timestamp":"2025-04-18T13:14:17.520Z"}
{"level":"info","message":"{\"method\":\"GET\",\"url\":\"/api/v1/auth/fetch-user\",\"status\":\"304\",\"responseTime\":\"2.791\"}","timestamp":"2025-04-18T13:18:07.329Z"}
{"level":"info","message":"{\"method\":\"GET\",\"url\":\"/api/v1/admin/leads/68024b5648694be8ab54e79e/fetchParticularLead\",\"status\":\"304\",\"responseTime\":\"113.249\"}","timestamp":"2025-04-18T13:18:07.434Z"}
{"level":"info","message":"{\"method\":\"GET\",\"url\":\"/api/v1/admin/leads/68024b5648694be8ab54e79e/fetchParticularLead\",\"status\":\"200\",\"responseTime\":\"106.962\"}","timestamp":"2025-04-18T13:19:29.185Z"}
